#
# There is insufficient memory for the Java Runtime Environment to continue.
# Native memory allocation (mmap) failed to map 105906176 bytes for committing reserved memory.
# Possible reasons:
#   The system is out of physical RAM or swap space
#   In 32 bit mode, the process size limit was hit
# Possible solutions:
#   Reduce memory load on the system
#   Increase physical memory or swap space
#   Check if swap backing store is full
#   Use 64 bit Java on a 64 bit OS
#   Decrease Java heap size (-Xmx/-Xms)
#   Decrease number of Java threads
#   Decrease Java thread stack sizes (-Xss)
#   Set larger code cache with -XX:ReservedCodeCacheSize=
# This output file may be truncated or incomplete.
#
#  Out of Memory Error (os_linux.cpp:2627), pid=4911, tid=140575262082816
#
# JRE version: OpenJDK Runtime Environment (8.0_66-b17) (build 1.8.0_66-internal-b17)
# Java VM: OpenJDK 64-Bit Server VM (25.66-b17 mixed mode linux-amd64 compressed oops)
# Failed to write core dump. Core dumps have been disabled. To enable core dumping, try "ulimit -c unlimited" before starting Java again
#

---------------  T H R E A D  ---------------

Current thread (0x00007fda4c078000):  VMThread [stack: 0x00007fda3a7f8000,0x00007fda3a8f9000] [id=4921]

Stack: [0x00007fda3a7f8000,0x00007fda3a8f9000],  sp=0x00007fda3a8f7480,  free space=1021k
Native frames: (J=compiled Java code, j=interpreted, Vv=VM code, C=native code)
V  [libjvm.so+0xa5c97b]
V  [libjvm.so+0x4c103c]
V  [libjvm.so+0x8adbd0]
V  [libjvm.so+0x8a806e]
V  [libjvm.so+0x921bfb]
V  [libjvm.so+0x91128a]
V  [libjvm.so+0x911493]
V  [libjvm.so+0x911df8]
V  [libjvm.so+0x9180be]
V  [libjvm.so+0x91fa7d]
V  [libjvm.so+0x8d2413]
V  [libjvm.so+0xa5e632]
V  [libjvm.so+0xa636b7]
V  [libjvm.so+0xa60e87]
V  [libjvm.so+0xa6230f]
V  [libjvm.so+0xa62801]
V  [libjvm.so+0x8ab0d2]

VM_Operation (0x00007fda394b9d30): ParallelGCFailedAllocation, mode: safepoint, requested by thread 0x00007fda4c193800


---------------  P R O C E S S  ---------------

Java Threads: ( => current thread )
  0x00007fda4c193800 JavaThread "pool-2-thread-4" [_thread_blocked, id=4962, stack(0x00007fda393bb000,0x00007fda394bc000)]
  0x00007fda4c191800 JavaThread "pool-2-thread-3" [_thread_blocked, id=4959, stack(0x00007fda394bc000,0x00007fda395bd000)]
  0x00007fda4c190000 JavaThread "pool-2-thread-2" [_thread_blocked, id=4957, stack(0x00007fda395bd000,0x00007fda396be000)]
  0x00007fda4c18d000 JavaThread "pool-3-thread-1" [_thread_blocked, id=4955, stack(0x00007fda396be000,0x00007fda397bf000)]
  0x00007fda4c18b000 JavaThread "pool-2-thread-1" [_thread_blocked, id=4953, stack(0x00007fda397bf000,0x00007fda398c0000)]
  0x00007fda4c0b7800 JavaThread "Service Thread" daemon [_thread_blocked, id=4928, stack(0x00007fda39a0e000,0x00007fda39b0f000)]
  0x00007fda4c0b2800 JavaThread "C1 CompilerThread2" daemon [_thread_blocked, id=4927, stack(0x00007fda39b0f000,0x00007fda39c10000)]
  0x00007fda4c0b0800 JavaThread "C2 CompilerThread1" daemon [_thread_blocked, id=4926, stack(0x00007fda39c10000,0x00007fda39d11000)]
  0x00007fda4c0ad800 JavaThread "C2 CompilerThread0" daemon [_thread_blocked, id=4925, stack(0x00007fda39d11000,0x00007fda39e12000)]
  0x00007fda4c0ab800 JavaThread "Signal Dispatcher" daemon [_thread_blocked, id=4924, stack(0x00007fda39e12000,0x00007fda39f13000)]
  0x00007fda4c07f000 JavaThread "Finalizer" daemon [_thread_blocked, id=4923, stack(0x00007fda3a5f6000,0x00007fda3a6f7000)]
  0x00007fda4c07d000 JavaThread "Reference Handler" daemon [_thread_blocked, id=4922, stack(0x00007fda3a6f7000,0x00007fda3a7f8000)]
  0x00007fda4c00a000 JavaThread "main" [_thread_blocked, id=4913, stack(0x00007fda555a4000,0x00007fda556a5000)]

Other Threads:
=>0x00007fda4c078000 VMThread [stack: 0x00007fda3a7f8000,0x00007fda3a8f9000] [id=4921]
  0x00007fda4c0ba000 WatcherThread [stack: 0x00007fda3990d000,0x00007fda39a0e000] [id=4929]

VM state:at safepoint (normal execution)

VM Mutex/Monitor currently owned by a thread:  ([mutex/lock_event])
[0x00007fda4c0061e0] ExpandHeap_lock - owner thread: 0x00007fda4c078000
[0x00007fda4c006860] Threads_lock - owner thread: 0x00007fda4c078000
[0x00007fda4c006d60] Heap_lock - owner thread: 0x00007fda4c193800

Heap:
 PSYoungGen      total 259072K, used 22027K [0x00000000eab00000, 0x0000000100000000, 0x0000000100000000)
  eden space 199680K, 0% used [0x00000000eab00000,0x00000000eab00000,0x00000000f6e00000)
  from space 59392K, 37% used [0x00000000f6e00000,0x00000000f8382f88,0x00000000fa800000)
  to   space 89088K, 0% used [0x00000000fa900000,0x00000000fa900000,0x0000000100000000)
 ParOldGen       total 175104K, used 174851K [0x00000000c0000000, 0x00000000cab00000, 0x00000000eab00000)
  object space 175104K, 99% used [0x00000000c0000000,0x00000000caac0fc0,0x00000000cab00000)
 Metaspace       used 6235K, capacity 7152K, committed 7296K, reserved 1056768K
  class space    used 588K, capacity 616K, committed 640K, reserved 1048576K

Card table byte_map: [0x00007fda51a72000,0x00007fda51c73000] byte_map_base: 0x00007fda51472000

Marking Bits: (ParMarkBitMap*) 0x00007fda54874000
 Begin Bits: [0x00007fda3b000000, 0x00007fda3c000000)
 End Bits:   [0x00007fda3c000000, 0x00007fda3d000000)

Polling page: 0x00007fda556c4000

CodeCache: size=245760Kb used=7713Kb max_used=7727Kb free=238046Kb
 bounds [0x00007fda3d000000, 0x00007fda3d7a0000, 0x00007fda4c000000]
 total_blobs=2177 nmethods=1910 adapters=182
 compilation: enabled

Compilation events (10 events):
Event: 31.493 Thread 0x00007fda4c0b2800 2520       2       java.io.ByteArrayOutputStream::ensureCapacity (16 bytes)
Event: 31.493 Thread 0x00007fda4c0b2800 nmethod 2520 0x00007fda3d774c50 code [0x00007fda3d774dc0, 0x00007fda3d774f48]
Event: 31.526 Thread 0x00007fda4c0b0800 nmethod 2470 0x00007fda3d78e110 code [0x00007fda3d78e3a0, 0x00007fda3d78fcf0]
Event: 31.526 Thread 0x00007fda4c0b2800 2522       2       com.android.dx.rop.annotation.Annotations::combine (24 bytes)
Event: 31.526 Thread 0x00007fda4c0b0800 2506       4       com.android.dx.ssa.back.LivenessAnalyzer::handleTailRecursion (94 bytes)
Event: 31.527 Thread 0x00007fda4c0b2800 nmethod 2522 0x00007fda3d78dc10 code [0x00007fda3d78dd80, 0x00007fda3d78dfd8]
Event: 31.527 Thread 0x00007fda4c0b2800 2523       2       java.util.concurrent.ThreadPoolExecutor::runStateOf (5 bytes)
Event: 31.527 Thread 0x00007fda4c0b2800 nmethod 2523 0x00007fda3d78d910 code [0x00007fda3d78da60, 0x00007fda3d78db90]
Event: 31.528 Thread 0x00007fda4c0b2800 2524       2       com.android.dx.dex.file.ClassDefItem::addDirectMethod (9 bytes)
Event: 31.529 Thread 0x00007fda4c0b2800 nmethod 2524 0x00007fda3d78d190 code [0x00007fda3d78d320, 0x00007fda3d78d658]

GC Heap History (10 events):
Event: 28.845 GC heap after
Heap after GC invocations=7 (full 0):
 PSYoungGen      total 136704K, used 15357K [0x00000000eab00000, 0x00000000fdf00000, 0x0000000100000000)
  eden space 121344K, 0% used [0x00000000eab00000,0x00000000eab00000,0x00000000f2180000)
  from space 15360K, 99% used [0x00000000f2180000,0x00000000f307f7e0,0x00000000f3080000)
  to   space 36352K, 0% used [0x00000000fbb80000,0x00000000fbb80000,0x00000000fdf00000)
 ParOldGen       total 54784K, used 53944K [0x00000000c0000000, 0x00000000c3580000, 0x00000000eab00000)
  object space 54784K, 98% used [0x00000000c0000000,0x00000000c34ae3b8,0x00000000c3580000)
 Metaspace       used 6179K, capacity 7152K, committed 7296K, reserved 1056768K
  class space    used 587K, capacity 616K, committed 640K, reserved 1048576K
}
Event: 28.845 GC heap before
{Heap before GC invocations=8 (full 1):
 PSYoungGen      total 136704K, used 15357K [0x00000000eab00000, 0x00000000fdf00000, 0x0000000100000000)
  eden space 121344K, 0% used [0x00000000eab00000,0x00000000eab00000,0x00000000f2180000)
  from space 15360K, 99% used [0x00000000f2180000,0x00000000f307f7e0,0x00000000f3080000)
  to   space 36352K, 0% used [0x00000000fbb80000,0x00000000fbb80000,0x00000000fdf00000)
 ParOldGen       total 54784K, used 53944K [0x00000000c0000000, 0x00000000c3580000, 0x00000000eab00000)
  object space 54784K, 98% used [0x00000000c0000000,0x00000000c34ae3b8,0x00000000c3580000)
 Metaspace       used 6179K, capacity 7152K, committed 7296K, reserved 1056768K
  class space    used 587K, capacity 616K, committed 640K, reserved 1048576K
Event: 29.781 GC heap after
Heap after GC invocations=8 (full 1):
 PSYoungGen      total 136704K, used 11620K [0x00000000eab00000, 0x00000000fdf00000, 0x0000000100000000)
  eden space 121344K, 0% used [0x00000000eab00000,0x00000000eab00000,0x00000000f2180000)
  from space 15360K, 75% used [0x00000000f2180000,0x00000000f2cd9200,0x00000000f3080000)
  to   space 36352K, 0% used [0x00000000fbb80000,0x00000000fbb80000,0x00000000fdf00000)
 ParOldGen       total 100864K, used 54635K [0x00000000c0000000, 0x00000000c6280000, 0x00000000eab00000)
  object space 100864K, 54% used [0x00000000c0000000,0x00000000c355acd0,0x00000000c6280000)
 Metaspace       used 6179K, capacity 7152K, committed 7296K, reserved 1056768K
  class space    used 587K, capacity 616K, committed 640K, reserved 1048576K
}
Event: 30.360 GC heap before
{Heap before GC invocations=9 (full 1):
 PSYoungGen      total 136704K, used 132964K [0x00000000eab00000, 0x00000000fdf00000, 0x0000000100000000)
  eden space 121344K, 100% used [0x00000000eab00000,0x00000000f2180000,0x00000000f2180000)
  from space 15360K, 75% used [0x00000000f2180000,0x00000000f2cd9200,0x00000000f3080000)
  to   space 36352K, 0% used [0x00000000fbb80000,0x00000000fbb80000,0x00000000fdf00000)
 ParOldGen       total 100864K, used 54635K [0x00000000c0000000, 0x00000000c6280000, 0x00000000eab00000)
  object space 100864K, 54% used [0x00000000c0000000,0x00000000c355acd0,0x00000000c6280000)
 Metaspace       used 6203K, capacity 7152K, committed 7296K, reserved 1056768K
  class space    used 588K, capacity 616K, committed 640K, reserved 1048576K
Event: 30.474 GC heap after
Heap after GC invocations=9 (full 1):
 PSYoungGen      total 236032K, used 36351K [0x00000000eab00000, 0x00000000fe200000, 0x0000000100000000)
  eden space 199680K, 0% used [0x00000000eab00000,0x00000000eab00000,0x00000000f6e00000)
  from space 36352K, 99% used [0x00000000fbb80000,0x00000000fdeffea8,0x00000000fdf00000)
  to   space 59392K, 0% used [0x00000000f6e00000,0x00000000f6e00000,0x00000000fa800000)
 ParOldGen       total 100864K, used 90592K [0x00000000c0000000, 0x00000000c6280000, 0x00000000eab00000)
  object space 100864K, 89% used [0x00000000c0000000,0x00000000c5878070,0x00000000c6280000)
 Metaspace       used 6203K, capacity 7152K, committed 7296K, reserved 1056768K
  class space    used 588K, capacity 616K, committed 640K, reserved 1048576K
}
Event: 30.474 GC heap before
{Heap before GC invocations=10 (full 2):
 PSYoungGen      total 236032K, used 36351K [0x00000000eab00000, 0x00000000fe200000, 0x0000000100000000)
  eden space 199680K, 0% used [0x00000000eab00000,0x00000000eab00000,0x00000000f6e00000)
  from space 36352K, 99% used [0x00000000fbb80000,0x00000000fdeffea8,0x00000000fdf00000)
  to   space 59392K, 0% used [0x00000000f6e00000,0x00000000f6e00000,0x00000000fa800000)
 ParOldGen       total 100864K, used 90592K [0x00000000c0000000, 0x00000000c6280000, 0x00000000eab00000)
  object space 100864K, 89% used [0x00000000c0000000,0x00000000c5878070,0x00000000c6280000)
 Metaspace       used 6203K, capacity 7152K, committed 7296K, reserved 1056768K
  class space    used 588K, capacity 616K, committed 640K, reserved 1048576K
Event: 30.927 GC heap after
Heap after GC invocations=10 (full 2):
 PSYoungGen      total 236032K, used 21781K [0x00000000eab00000, 0x00000000fe200000, 0x0000000100000000)
  eden space 199680K, 0% used [0x00000000eab00000,0x00000000eab00000,0x00000000f6e00000)
  from space 36352K, 59% used [0x00000000fbb80000,0x00000000fd0c5778,0x00000000fdf00000)
  to   space 59392K, 0% used [0x00000000f6e00000,0x00000000f6e00000,0x00000000fa800000)
 ParOldGen       total 175104K, used 100814K [0x00000000c0000000, 0x00000000cab00000, 0x00000000eab00000)
  object space 175104K, 57% used [0x00000000c0000000,0x00000000c6273858,0x00000000cab00000)
 Metaspace       used 6203K, capacity 7152K, committed 7296K, reserved 1056768K
  class space    used 588K, capacity 616K, committed 640K, reserved 1048576K
}
Event: 31.541 GC heap before
{Heap before GC invocations=11 (full 2):
 PSYoungGen      total 236032K, used 221461K [0x00000000eab00000, 0x00000000fe200000, 0x0000000100000000)
  eden space 199680K, 100% used [0x00000000eab00000,0x00000000f6e00000,0x00000000f6e00000)
  from space 36352K, 59% used [0x00000000fbb80000,0x00000000fd0c5778,0x00000000fdf00000)
  to   space 59392K, 0% used [0x00000000f6e00000,0x00000000f6e00000,0x00000000fa800000)
 ParOldGen       total 175104K, used 100814K [0x00000000c0000000, 0x00000000cab00000, 0x00000000eab00000)
  object space 175104K, 57% used [0x00000000c0000000,0x00000000c6273858,0x00000000cab00000)
 Metaspace       used 6235K, capacity 7152K, committed 7296K, reserved 1056768K
  class space    used 588K, capacity 616K, committed 640K, reserved 1048576K
Event: 31.787 GC heap after
Heap after GC invocations=11 (full 2):
 PSYoungGen      total 259072K, used 59377K [0x00000000eab00000, 0x0000000100000000, 0x0000000100000000)
  eden space 199680K, 0% used [0x00000000eab00000,0x00000000eab00000,0x00000000f6e00000)
  from space 59392K, 99% used [0x00000000f6e00000,0x00000000fa7fc408,0x00000000fa800000)
  to   space 89088K, 0% used [0x00000000fa900000,0x00000000fa900000,0x0000000100000000)
 ParOldGen       total 175104K, used 145514K [0x00000000c0000000, 0x00000000cab00000, 0x00000000eab00000)
  object space 175104K, 83% used [0x00000000c0000000,0x00000000c8e1aa88,0x00000000cab00000)
 Metaspace       used 6235K, capacity 7152K, committed 7296K, reserved 1056768K
  class space    used 588K, capacity 616K, committed 640K, reserved 1048576K
}
Event: 31.787 GC heap before
{Heap before GC invocations=12 (full 3):
 PSYoungGen      total 259072K, used 59377K [0x00000000eab00000, 0x0000000100000000, 0x0000000100000000)
  eden space 199680K, 0% used [0x00000000eab00000,0x00000000eab00000,0x00000000f6e00000)
  from space 59392K, 99% used [0x00000000f6e00000,0x00000000fa7fc408,0x00000000fa800000)
  to   space 89088K, 0% used [0x00000000fa900000,0x00000000fa900000,0x0000000100000000)
 ParOldGen       total 175104K, used 145514K [0x00000000c0000000, 0x00000000cab00000, 0x00000000eab00000)
  object space 175104K, 83% used [0x00000000c0000000,0x00000000c8e1aa88,0x00000000cab00000)
 Metaspace       used 6235K, capacity 7152K, committed 7296K, reserved 1056768K
  class space    used 588K, capacity 616K, committed 640K, reserved 1048576K

Deoptimization events (10 events):
Event: 27.791 Thread 0x00007fda4c00a000 Uncommon trap: reason=bimorphic action=maybe_recompile pc=0x00007fda3d5f7038 method=com.android.dx.cf.code.BytecodeArray.parseInstruction(ILcom/android/dx/cf/code/BytecodeArray$Visitor;)I @ 1161
Event: 27.892 Thread 0x00007fda4c00a000 Uncommon trap: reason=unstable_if action=reinterpret pc=0x00007fda3d656b64 method=java.util.BitSet.clone()Ljava/lang/Object; @ 4
Event: 31.071 Thread 0x00007fda4c18b000 Uncommon trap: reason=unstable_if action=reinterpret pc=0x00007fda3d3d6c70 method=com.android.dx.ssa.SetFactory.makeLivenessSet(I)Lcom/android/dx/util/IntSet; @ 4
Event: 31.071 Thread 0x00007fda4c18b000 Uncommon trap: reason=unstable_if action=reinterpret pc=0x00007fda3d42ad58 method=com.android.dx.ssa.SetFactory.makeLivenessSet(I)Lcom/android/dx/util/IntSet; @ 4
Event: 31.075 Thread 0x00007fda4c18b000 Uncommon trap: reason=unstable_if action=reinterpret pc=0x00007fda3d5a3264 method=com.android.dx.ssa.SetFactory.makeLivenessSet(I)Lcom/android/dx/util/IntSet; @ 4
Event: 31.076 Thread 0x00007fda4c18b000 Uncommon trap: reason=class_check action=maybe_recompile pc=0x00007fda3d38b3f8 method=com.android.dx.ssa.back.InterferenceGraph.add(II)V @ 19
Event: 31.076 Thread 0x00007fda4c18b000 Uncommon trap: reason=class_check action=maybe_recompile pc=0x00007fda3d38b3f8 method=com.android.dx.ssa.back.InterferenceGraph.add(II)V @ 19
Event: 31.076 Thread 0x00007fda4c18b000 Uncommon trap: reason=class_check action=maybe_recompile pc=0x00007fda3d38b3f8 method=com.android.dx.ssa.back.InterferenceGraph.add(II)V @ 19
Event: 31.076 Thread 0x00007fda4c18b000 Uncommon trap: reason=class_check action=maybe_recompile pc=0x00007fda3d38b3f8 method=com.android.dx.ssa.back.InterferenceGraph.add(II)V @ 19
Event: 31.079 Thread 0x00007fda4c00a000 Uncommon trap: reason=unstable_if action=reinterpret pc=0x00007fda3d589bc4 method=com.android.dx.ssa.SCCP.simulateStmt(Lcom/android/dx/ssa/SsaInsn;)V @ 59

Internal exceptions (8 events):
Event: 0.193 Thread 0x00007fda4c00a000 Exception <a 'java/lang/NoSuchMethodError': Method sun.misc.Unsafe.defineClass(Ljava/lang/String;[BII)Ljava/lang/Class; name or signature does not match> (0x00000000eab12ba8) thrown at [/build/openjdk-8-aAuh2m/openjdk-8-8u66-b17/src/hotspot/src/share/vm/p
Event: 0.194 Thread 0x00007fda4c00a000 Exception <a 'java/lang/NoSuchMethodError': Method sun.misc.Unsafe.prefetchRead(Ljava/lang/Object;J)V name or signature does not match> (0x00000000eab12e90) thrown at [/build/openjdk-8-aAuh2m/openjdk-8-8u66-b17/src/hotspot/src/share/vm/prims/jni.cpp, line
Event: 0.300 Thread 0x00007fda4c00a000 Exception <a 'java/util/zip/ZipException'> (0x00000000eab53bb8) thrown at [/build/openjdk-8-aAuh2m/openjdk-8-8u66-b17/src/hotspot/src/share/vm/prims/jni.cpp, line 709]
Event: 0.300 Thread 0x00007fda4c00a000 Exception <a 'java/security/PrivilegedActionException'> (0x00000000eab53e58) thrown at [/build/openjdk-8-aAuh2m/openjdk-8-8u66-b17/src/hotspot/src/share/vm/prims/jvm.cpp, line 1386]
Event: 0.300 Thread 0x00007fda4c00a000 Exception <a 'java/security/PrivilegedActionException'> (0x00000000eab54068) thrown at [/build/openjdk-8-aAuh2m/openjdk-8-8u66-b17/src/hotspot/src/share/vm/prims/jvm.cpp, line 1386]
Event: 4.994 Thread 0x00007fda4c191800 Exception <a 'java/lang/ArrayIndexOutOfBoundsException': 18> (0x00000000ed0efce0) thrown at [/build/openjdk-8-aAuh2m/openjdk-8-8u66-b17/src/hotspot/src/share/vm/interpreter/interpreterRuntime.cpp, line 366]
Event: 4.994 Thread 0x00007fda4c191800 Exception <a 'java/lang/ArrayIndexOutOfBoundsException': 145> (0x00000000ed0f1860) thrown at [/build/openjdk-8-aAuh2m/openjdk-8-8u66-b17/src/hotspot/src/share/vm/interpreter/interpreterRuntime.cpp, line 366]
Event: 4.995 Thread 0x00007fda4c191800 Exception <a 'java/lang/ArrayIndexOutOfBoundsException': 40> (0x00000000ed0f2b48) thrown at [/build/openjdk-8-aAuh2m/openjdk-8-8u66-b17/src/hotspot/src/share/vm/interpreter/interpreterRuntime.cpp, line 366]

Events (10 events):
Event: 31.112 Thread 0x00007fda4c191800 DEOPT UNPACKING pc=0x00007fda3d046f73 sp=0x00007fda395bad50 mode 0
Event: 31.113 Thread 0x00007fda4c191800 DEOPT PACKING pc=0x00007fda3d31324a sp=0x00007fda395badc0
Event: 31.113 Thread 0x00007fda4c191800 DEOPT UNPACKING pc=0x00007fda3d046f73 sp=0x00007fda395bab78 mode 0
Event: 31.236 Thread 0x00007fda4c193800 DEOPT PACKING pc=0x00007fda3d3402ec sp=0x00007fda394ba060
Event: 31.236 Thread 0x00007fda4c193800 DEOPT UNPACKING pc=0x00007fda3d046f73 sp=0x00007fda394b9d60 mode 0
Event: 31.241 Thread 0x00007fda4c193800 DEOPT PACKING pc=0x00007fda3d2014f9 sp=0x00007fda394b9ff0
Event: 31.242 Thread 0x00007fda4c193800 DEOPT UNPACKING pc=0x00007fda3d046f73 sp=0x00007fda394b9d50 mode 0
Event: 31.243 Thread 0x00007fda4c193800 DEOPT PACKING pc=0x00007fda3d31324a sp=0x00007fda394b9dc0
Event: 31.243 Thread 0x00007fda4c193800 DEOPT UNPACKING pc=0x00007fda3d046f73 sp=0x00007fda394b9b78 mode 0
Event: 31.537 Executing VM operation: ParallelGCFailedAllocation


Dynamic libraries:
00400000-00401000 r-xp 00000000 08:05 6432238                            /usr/lib/jvm/java-8-openjdk-amd64/jre/bin/java
00600000-00601000 r--p 00000000 08:05 6432238                            /usr/lib/jvm/java-8-openjdk-amd64/jre/bin/java
00601000-00602000 rw-p 00001000 08:05 6432238                            /usr/lib/jvm/java-8-openjdk-amd64/jre/bin/java
01967000-01988000 rw-p 00000000 00:00 0                                  [heap]
c0000000-cab00000 rw-p 00000000 00:00 0 
d1000000-eab00000 ---p 00000000 00:00 0 
eab00000-100000000 rw-p 00000000 00:00 0 
100000000-1000a0000 rw-p 00000000 00:00 0 
1000a0000-140000000 ---p 00000000 00:00 0 
7fd9ec000000-7fd9ec021000 rw-p 00000000 00:00 0 
7fd9ec021000-7fd9f0000000 ---p 00000000 00:00 0 
7fd9f4000000-7fd9f4029000 rw-p 00000000 00:00 0 
7fd9f4029000-7fd9f8000000 ---p 00000000 00:00 0 
7fd9f8000000-7fd9f8021000 rw-p 00000000 00:00 0 
7fd9f8021000-7fd9fc000000 ---p 00000000 00:00 0 
7fd9fc000000-7fd9fc021000 rw-p 00000000 00:00 0 
7fd9fc021000-7fda00000000 ---p 00000000 00:00 0 
7fda00000000-7fda00027000 rw-p 00000000 00:00 0 
7fda00027000-7fda04000000 ---p 00000000 00:00 0 
7fda04000000-7fda04021000 rw-p 00000000 00:00 0 
7fda04021000-7fda08000000 ---p 00000000 00:00 0 
7fda08000000-7fda08021000 rw-p 00000000 00:00 0 
7fda08021000-7fda0c000000 ---p 00000000 00:00 0 
7fda0c000000-7fda0dfe9000 rw-p 00000000 00:00 0 
7fda0dfe9000-7fda10000000 ---p 00000000 00:00 0 
7fda10000000-7fda1097a000 rw-p 00000000 00:00 0 
7fda1097a000-7fda14000000 ---p 00000000 00:00 0 
7fda14000000-7fda14021000 rw-p 00000000 00:00 0 
7fda14021000-7fda18000000 ---p 00000000 00:00 0 
7fda18000000-7fda18d89000 rw-p 00000000 00:00 0 
7fda18d89000-7fda1c000000 ---p 00000000 00:00 0 
7fda1c000000-7fda1c021000 rw-p 00000000 00:00 0 
7fda1c021000-7fda20000000 ---p 00000000 00:00 0 
7fda20000000-7fda20021000 rw-p 00000000 00:00 0 
7fda20021000-7fda24000000 ---p 00000000 00:00 0 
7fda24000000-7fda24021000 rw-p 00000000 00:00 0 
7fda24021000-7fda28000000 ---p 00000000 00:00 0 
7fda28000000-7fda28021000 rw-p 00000000 00:00 0 
7fda28021000-7fda2c000000 ---p 00000000 00:00 0 
7fda2c000000-7fda2c021000 rw-p 00000000 00:00 0 
7fda2c021000-7fda30000000 ---p 00000000 00:00 0 
7fda30000000-7fda30021000 rw-p 00000000 00:00 0 
7fda30021000-7fda34000000 ---p 00000000 00:00 0 
7fda34000000-7fda34021000 rw-p 00000000 00:00 0 
7fda34021000-7fda38000000 ---p 00000000 00:00 0 
7fda393bb000-7fda393be000 ---p 00000000 00:00 0 
7fda393be000-7fda394bc000 rw-p 00000000 00:00 0                          [stack:4962]
7fda394bc000-7fda394bf000 ---p 00000000 00:00 0 
7fda394bf000-7fda395bd000 rw-p 00000000 00:00 0                          [stack:4959]
7fda395bd000-7fda395c0000 ---p 00000000 00:00 0 
7fda395c0000-7fda396be000 rw-p 00000000 00:00 0                          [stack:4957]
7fda396be000-7fda396c1000 ---p 00000000 00:00 0 
7fda396c1000-7fda397bf000 rw-p 00000000 00:00 0                          [stack:4955]
7fda397bf000-7fda397c2000 ---p 00000000 00:00 0 
7fda397c2000-7fda398c0000 rw-p 00000000 00:00 0                          [stack:4953]
7fda398c0000-7fda398d8000 r--s 000f5000 08:05 3540207                    /home/codephillip/AndroidStudioProjects/e-govt/app/build/intermediates/exploded-aar/com.google.android.gms/play-services-ads/8.4.0/jars/classes.jar
7fda398d8000-7fda398e7000 r--s 000df000 08:05 8524863                    /home/codephillip/Android/Sdk/build-tools/23.0.3/lib/dx.jar
7fda398e7000-7fda398ed000 r--s 0003a000 08:05 6432258                    /usr/lib/jvm/java-8-openjdk-amd64/jre/lib/ext/sunjce_provider.jar
7fda398ed000-7fda398f1000 r--s 00037000 08:05 6432259                    /usr/lib/jvm/java-8-openjdk-amd64/jre/lib/ext/sunpkcs11.jar
7fda398f1000-7fda3990d000 r--s 00393000 08:05 6432253                    /usr/lib/jvm/java-8-openjdk-amd64/jre/lib/ext/cldrdata.jar
7fda3990d000-7fda3990e000 ---p 00000000 00:00 0 
7fda3990e000-7fda39a0e000 rw-p 00000000 00:00 0                          [stack:4929]
7fda39a0e000-7fda39a11000 ---p 00000000 00:00 0 
7fda39a11000-7fda39b0f000 rw-p 00000000 00:00 0                          [stack:4928]
7fda39b0f000-7fda39b12000 ---p 00000000 00:00 0 
7fda39b12000-7fda39c10000 rw-p 00000000 00:00 0                          [stack:4927]
7fda39c10000-7fda39c13000 ---p 00000000 00:00 0 
7fda39c13000-7fda39d11000 rw-p 00000000 00:00 0                          [stack:4926]
7fda39d11000-7fda39d14000 ---p 00000000 00:00 0 
7fda39d14000-7fda39e12000 rw-p 00000000 00:00 0                          [stack:4925]
7fda39e12000-7fda39e15000 ---p 00000000 00:00 0 
7fda39e15000-7fda39f13000 rw-p 00000000 00:00 0                          [stack:4924]
7fda39f13000-7fda3a5f6000 r--p 00000000 08:05 6298925                    /usr/lib/locale/locale-archive
7fda3a5f6000-7fda3a5f9000 ---p 00000000 00:00 0 
7fda3a5f9000-7fda3a6f7000 rw-p 00000000 00:00 0                          [stack:4923]
7fda3a6f7000-7fda3a6fa000 ---p 00000000 00:00 0 
7fda3a6fa000-7fda3a7f8000 rw-p 00000000 00:00 0                          [stack:4922]
7fda3a7f8000-7fda3a7f9000 ---p 00000000 00:00 0 
7fda3a7f9000-7fda3d000000 rw-p 00000000 00:00 0                          [stack:4921]
7fda3d000000-7fda3d7a0000 rwxp 00000000 00:00 0 
7fda3d7a0000-7fda4c000000 ---p 00000000 00:00 0 
7fda4c000000-7fda4c1cf000 rw-p 00000000 00:00 0 
7fda4c1cf000-7fda50000000 ---p 00000000 00:00 0 
7fda50001000-7fda50002000 rw-p 00000000 00:00 0 
7fda50002000-7fda5001d000 r--s 001d4000 08:05 6432262                    /usr/lib/jvm/java-8-openjdk-amd64/jre/lib/ext/nashorn.jar
7fda5001d000-7fda508d5000 rw-p 00000000 00:00 0 
7fda508d5000-7fda50aa2000 r--s 03be8000 08:05 6432265                    /usr/lib/jvm/java-8-openjdk-amd64/jre/lib/rt.jar
7fda50aa2000-7fda51198000 rw-p 00000000 00:00 0 
7fda51198000-7fda51318000 ---p 00000000 00:00 0 
7fda51318000-7fda51518000 rw-p 00000000 00:00 0 
7fda51518000-7fda51519000 ---p 00000000 00:00 0 
7fda51519000-7fda51619000 rw-p 00000000 00:00 0                          [stack:4919]
7fda51619000-7fda5161a000 ---p 00000000 00:00 0 
7fda5161a000-7fda5171a000 rw-p 00000000 00:00 0                          [stack:4918]
7fda5171a000-7fda5171b000 ---p 00000000 00:00 0 
7fda5171b000-7fda5181b000 rw-p 00000000 00:00 0                          [stack:4917]
7fda5181b000-7fda5181c000 ---p 00000000 00:00 0 
7fda5181c000-7fda51972000 rw-p 00000000 00:00 0                          [stack:4916]
7fda51972000-7fda51a72000 ---p 00000000 00:00 0 
7fda51a72000-7fda51ac8000 rw-p 00000000 00:00 0 
7fda51ac8000-7fda51bc7000 ---p 00000000 00:00 0 
7fda51bc7000-7fda51c72000 rw-p 00000000 00:00 0 
7fda51c72000-7fda51c92000 rw-p 00000000 00:00 0 
7fda51c92000-7fda52033000 ---p 00000000 00:00 0 
7fda52033000-7fda5203b000 r-xp 00000000 08:05 6432276                    /usr/lib/jvm/java-8-openjdk-amd64/jre/lib/amd64/libzip.so
7fda5203b000-7fda5223a000 ---p 00008000 08:05 6432276                    /usr/lib/jvm/java-8-openjdk-amd64/jre/lib/amd64/libzip.so
7fda5223a000-7fda5223b000 r--p 00007000 08:05 6432276                    /usr/lib/jvm/java-8-openjdk-amd64/jre/lib/amd64/libzip.so
7fda5223b000-7fda5223c000 rw-p 00008000 08:05 6432276                    /usr/lib/jvm/java-8-openjdk-amd64/jre/lib/amd64/libzip.so
7fda5223c000-7fda52248000 r-xp 00000000 08:05 2359393                    /lib/x86_64-linux-gnu/libnss_files-2.21.so
7fda52248000-7fda52447000 ---p 0000c000 08:05 2359393                    /lib/x86_64-linux-gnu/libnss_files-2.21.so
7fda52447000-7fda52448000 r--p 0000b000 08:05 2359393                    /lib/x86_64-linux-gnu/libnss_files-2.21.so
7fda52448000-7fda52449000 rw-p 0000c000 08:05 2359393                    /lib/x86_64-linux-gnu/libnss_files-2.21.so
7fda52449000-7fda52454000 r-xp 00000000 08:05 2363647                    /lib/x86_64-linux-gnu/libnss_nis-2.21.so
7fda52454000-7fda52653000 ---p 0000b000 08:05 2363647                    /lib/x86_64-linux-gnu/libnss_nis-2.21.so
7fda52653000-7fda52654000 r--p 0000a000 08:05 2363647                    /lib/x86_64-linux-gnu/libnss_nis-2.21.so
7fda52654000-7fda52655000 rw-p 0000b000 08:05 2363647                    /lib/x86_64-linux-gnu/libnss_nis-2.21.so
7fda52655000-7fda5266c000 r-xp 00000000 08:05 2359398                    /lib/x86_64-linux-gnu/libnsl-2.21.so
7fda5266c000-7fda5286b000 ---p 00017000 08:05 2359398                    /lib/x86_64-linux-gnu/libnsl-2.21.so
7fda5286b000-7fda5286c000 r--p 00016000 08:05 2359398                    /lib/x86_64-linux-gnu/libnsl-2.21.so
7fda5286c000-7fda5286d000 rw-p 00017000 08:05 2359398                    /lib/x86_64-linux-gnu/libnsl-2.21.so
7fda5286d000-7fda5286f000 rw-p 00000000 00:00 0 
7fda5286f000-7fda52877000 r-xp 00000000 08:05 2359394                    /lib/x86_64-linux-gnu/libnss_compat-2.21.so
7fda52877000-7fda52a76000 ---p 00008000 08:05 2359394                    /lib/x86_64-linux-gnu/libnss_compat-2.21.so
7fda52a76000-7fda52a77000 r--p 00007000 08:05 2359394                    /lib/x86_64-linux-gnu/libnss_compat-2.21.so
7fda52a77000-7fda52a78000 rw-p 00008000 08:05 2359394                    /lib/x86_64-linux-gnu/libnss_compat-2.21.so
7fda52a78000-7fda52aa5000 r-xp 00000000 08:05 6432284                    /usr/lib/jvm/java-8-openjdk-amd64/jre/lib/amd64/libjava.so
7fda52aa5000-7fda52ca4000 ---p 0002d000 08:05 6432284                    /usr/lib/jvm/java-8-openjdk-amd64/jre/lib/amd64/libjava.so
7fda52ca4000-7fda52ca5000 r--p 0002c000 08:05 6432284                    /usr/lib/jvm/java-8-openjdk-amd64/jre/lib/amd64/libjava.so
7fda52ca5000-7fda52ca7000 rw-p 0002d000 08:05 6432284                    /usr/lib/jvm/java-8-openjdk-amd64/jre/lib/amd64/libjava.so
7fda52ca7000-7fda52cb6000 r-xp 00000000 08:05 6432298                    /usr/lib/jvm/java-8-openjdk-amd64/jre/lib/amd64/libverify.so
7fda52cb6000-7fda52eb5000 ---p 0000f000 08:05 6432298                    /usr/lib/jvm/java-8-openjdk-amd64/jre/lib/amd64/libverify.so
7fda52eb5000-7fda52eb7000 r--p 0000e000 08:05 6432298                    /usr/lib/jvm/java-8-openjdk-amd64/jre/lib/amd64/libverify.so
7fda52eb7000-7fda52eb8000 rw-p 00010000 08:05 6432298                    /usr/lib/jvm/java-8-openjdk-amd64/jre/lib/amd64/libverify.so
7fda52eb8000-7fda52ebf000 r-xp 00000000 08:05 2359391                    /lib/x86_64-linux-gnu/librt-2.21.so
7fda52ebf000-7fda530be000 ---p 00007000 08:05 2359391                    /lib/x86_64-linux-gnu/librt-2.21.so
7fda530be000-7fda530bf000 r--p 00006000 08:05 2359391                    /lib/x86_64-linux-gnu/librt-2.21.so
7fda530bf000-7fda530c0000 rw-p 00007000 08:05 2359391                    /lib/x86_64-linux-gnu/librt-2.21.so
7fda530c0000-7fda530d6000 r-xp 00000000 08:05 2363788                    /lib/x86_64-linux-gnu/libgcc_s.so.1
7fda530d6000-7fda532d5000 ---p 00016000 08:05 2363788                    /lib/x86_64-linux-gnu/libgcc_s.so.1
7fda532d5000-7fda532d6000 r--p 00015000 08:05 2363788                    /lib/x86_64-linux-gnu/libgcc_s.so.1
7fda532d6000-7fda532d7000 rw-p 00016000 08:05 2363788                    /lib/x86_64-linux-gnu/libgcc_s.so.1
7fda532d7000-7fda533de000 r-xp 00000000 08:05 2363772                    /lib/x86_64-linux-gnu/libm-2.21.so
7fda533de000-7fda535dd000 ---p 00107000 08:05 2363772                    /lib/x86_64-linux-gnu/libm-2.21.so
7fda535dd000-7fda535de000 r--p 00106000 08:05 2363772                    /lib/x86_64-linux-gnu/libm-2.21.so
7fda535de000-7fda535df000 rw-p 00107000 08:05 2363772                    /lib/x86_64-linux-gnu/libm-2.21.so
7fda535df000-7fda53752000 r-xp 00000000 08:05 6301098                    /usr/lib/x86_64-linux-gnu/libstdc++.so.6.0.21
7fda53752000-7fda53951000 ---p 00173000 08:05 6301098                    /usr/lib/x86_64-linux-gnu/libstdc++.so.6.0.21
7fda53951000-7fda5395b000 r--p 00172000 08:05 6301098                    /usr/lib/x86_64-linux-gnu/libstdc++.so.6.0.21
7fda5395b000-7fda5395d000 rw-p 0017c000 08:05 6301098                    /usr/lib/x86_64-linux-gnu/libstdc++.so.6.0.21
7fda5395d000-7fda53961000 rw-p 00000000 00:00 0 
7fda53961000-7fda545a6000 r-xp 00000000 08:05 6432292                    /usr/lib/jvm/java-8-openjdk-amd64/jre/lib/amd64/server/libjvm.so
7fda545a6000-7fda547a5000 ---p 00c45000 08:05 6432292                    /usr/lib/jvm/java-8-openjdk-amd64/jre/lib/amd64/server/libjvm.so
7fda547a5000-7fda54838000 r--p 00c44000 08:05 6432292                    /usr/lib/jvm/java-8-openjdk-amd64/jre/lib/amd64/server/libjvm.so
7fda54838000-7fda54860000 rw-p 00cd7000 08:05 6432292                    /usr/lib/jvm/java-8-openjdk-amd64/jre/lib/amd64/server/libjvm.so
7fda54860000-7fda5488f000 rw-p 00000000 00:00 0 
7fda5488f000-7fda548a7000 r-xp 00000000 08:05 2359392                    /lib/x86_64-linux-gnu/libpthread-2.21.so
7fda548a7000-7fda54aa7000 ---p 00018000 08:05 2359392                    /lib/x86_64-linux-gnu/libpthread-2.21.so
7fda54aa7000-7fda54aa8000 r--p 00018000 08:05 2359392                    /lib/x86_64-linux-gnu/libpthread-2.21.so
7fda54aa8000-7fda54aa9000 rw-p 00019000 08:05 2359392                    /lib/x86_64-linux-gnu/libpthread-2.21.so
7fda54aa9000-7fda54aad000 rw-p 00000000 00:00 0 
7fda54aad000-7fda54ab0000 r-xp 00000000 08:05 2359403                    /lib/x86_64-linux-gnu/libdl-2.21.so
7fda54ab0000-7fda54caf000 ---p 00003000 08:05 2359403                    /lib/x86_64-linux-gnu/libdl-2.21.so
7fda54caf000-7fda54cb0000 r--p 00002000 08:05 2359403                    /lib/x86_64-linux-gnu/libdl-2.21.so
7fda54cb0000-7fda54cb1000 rw-p 00003000 08:05 2359403                    /lib/x86_64-linux-gnu/libdl-2.21.so
7fda54cb1000-7fda54cca000 r-xp 00000000 08:05 2363934                    /lib/x86_64-linux-gnu/libz.so.1.2.8
7fda54cca000-7fda54ec9000 ---p 00019000 08:05 2363934                    /lib/x86_64-linux-gnu/libz.so.1.2.8
7fda54ec9000-7fda54eca000 r--p 00018000 08:05 2363934                    /lib/x86_64-linux-gnu/libz.so.1.2.8
7fda54eca000-7fda54ecb000 rw-p 00019000 08:05 2363934                    /lib/x86_64-linux-gnu/libz.so.1.2.8
7fda54ecb000-7fda5508b000 r-xp 00000000 08:05 2363795                    /lib/x86_64-linux-gnu/libc-2.21.so
7fda5508b000-7fda5528b000 ---p 001c0000 08:05 2363795                    /lib/x86_64-linux-gnu/libc-2.21.so
7fda5528b000-7fda5528f000 r--p 001c0000 08:05 2363795                    /lib/x86_64-linux-gnu/libc-2.21.so
7fda5528f000-7fda55291000 rw-p 001c4000 08:05 2363795                    /lib/x86_64-linux-gnu/libc-2.21.so
7fda55291000-7fda55295000 rw-p 00000000 00:00 0 
7fda55295000-7fda552a2000 r-xp 00000000 08:05 6432300                    /usr/lib/jvm/java-8-openjdk-amd64/jre/lib/amd64/jli/libjli.so
7fda552a2000-7fda554a2000 ---p 0000d000 08:05 6432300                    /usr/lib/jvm/java-8-openjdk-amd64/jre/lib/amd64/jli/libjli.so
7fda554a2000-7fda554a3000 r--p 0000d000 08:05 6432300                    /usr/lib/jvm/java-8-openjdk-amd64/jre/lib/amd64/jli/libjli.so
7fda554a3000-7fda554a4000 rw-p 0000e000 08:05 6432300                    /usr/lib/jvm/java-8-openjdk-amd64/jre/lib/amd64/jli/libjli.so
7fda554a4000-7fda554c8000 r-xp 00000000 08:05 2359401                    /lib/x86_64-linux-gnu/ld-2.21.so
7fda554c8000-7fda554cb000 r--s 0000f000 08:05 6432256                    /usr/lib/jvm/java-8-openjdk-amd64/jre/lib/ext/icedtea-sound.jar
7fda554cb000-7fda555a4000 rw-p 00000000 00:00 0 
7fda555a4000-7fda555a7000 ---p 00000000 00:00 0 
7fda555a7000-7fda556aa000 rw-p 00000000 00:00 0                          [stack:4913]
7fda556aa000-7fda556ab000 r--s 00008000 08:05 6432261                    /usr/lib/jvm/java-8-openjdk-amd64/jre/lib/ext/sunec.jar
7fda556ab000-7fda556ac000 r--s 0000a000 08:05 6432257                    /usr/lib/jvm/java-8-openjdk-amd64/jre/lib/ext/jaccess.jar
7fda556ac000-7fda556ae000 r--s 00001000 08:05 6432260                    /usr/lib/jvm/java-8-openjdk-amd64/jre/lib/ext/dnsns.jar
7fda556ae000-7fda556b0000 r--s 00007000 08:05 6828554                    /usr/share/java/java-atk-wrapper.jar
7fda556b0000-7fda556b1000 r--s 00010000 08:05 6432254                    /usr/lib/jvm/java-8-openjdk-amd64/jre/lib/ext/zipfs.jar
7fda556b1000-7fda556bb000 r--s 00116000 08:05 6432255                    /usr/lib/jvm/java-8-openjdk-amd64/jre/lib/ext/localedata.jar
7fda556bb000-7fda556c3000 rw-s 00000000 08:05 3805306                    /tmp/hsperfdata_codephillip/4911
7fda556c3000-7fda556c4000 rw-p 00000000 00:00 0 
7fda556c4000-7fda556c5000 ---p 00000000 00:00 0 
7fda556c5000-7fda556c7000 rw-p 00000000 00:00 0 
7fda556c7000-7fda556c8000 r--p 00023000 08:05 2359401                    /lib/x86_64-linux-gnu/ld-2.21.so
7fda556c8000-7fda556c9000 rw-p 00024000 08:05 2359401                    /lib/x86_64-linux-gnu/ld-2.21.so
7fda556c9000-7fda556ca000 rw-p 00000000 00:00 0 
7ffc33b5d000-7ffc33b7e000 rw-p 00000000 00:00 0                          [stack]
7ffc33b85000-7ffc33b87000 r--p 00000000 00:00 0                          [vvar]
7ffc33b87000-7ffc33b89000 r-xp 00000000 00:00 0                          [vdso]
ffffffffff600000-ffffffffff601000 r-xp 00000000 00:00 0                  [vsyscall]

VM Arguments:
jvm_args: -Djava.awt.headless=true -Xmx1024M -Dfile.encoding=UTF-8 -Duser.country=US -Duser.language=en -Duser.variant 
java_command: com.android.dx.command.Main --dex --force-jumbo --num-threads=4 --multi-dex --output /home/codephillip/AndroidStudioProjects/e-govt/app/build/intermediates/transforms/dex/debug/folders/1000/10/com.google.android.gms-play-services-ads-8.4.0_14606f7f562239d42e4bdeab155a7c4ca2576ba0 /home/codephillip/AndroidStudioProjects/e-govt/app/build/intermediates/exploded-aar/com.google.android.gms/play-services-ads/8.4.0/jars/classes.jar
java_class_path (initial): /home/codephillip/Android/Sdk/build-tools/23.0.3/lib/dx.jar
Launcher Type: SUN_STANDARD

Environment Variables:
PATH=/usr/local/sbin:/usr/local/bin:/usr/sbin:/usr/bin:/sbin:/bin:/usr/games:/usr/local/games
LD_LIBRARY_PATH=.:
SHELL=/bin/bash
DISPLAY=:0

Signal Handlers:
SIGSEGV: [libjvm.so+0xa5d4d0], sa_mask[0]=11111111011111111101111111111110, sa_flags=SA_RESTART|SA_SIGINFO
SIGBUS: [libjvm.so+0xa5d4d0], sa_mask[0]=11111111011111111101111111111110, sa_flags=SA_RESTART|SA_SIGINFO
SIGFPE: [libjvm.so+0x8a9210], sa_mask[0]=11111111011111111101111111111110, sa_flags=SA_RESTART|SA_SIGINFO
SIGPIPE: [libjvm.so+0x8a9210], sa_mask[0]=11111111011111111101111111111110, sa_flags=SA_RESTART|SA_SIGINFO
SIGXFSZ: [libjvm.so+0x8a9210], sa_mask[0]=11111111011111111101111111111110, sa_flags=SA_RESTART|SA_SIGINFO
SIGILL: [libjvm.so+0x8a9210], sa_mask[0]=11111111011111111101111111111110, sa_flags=SA_RESTART|SA_SIGINFO
SIGUSR1: SIG_DFL, sa_mask[0]=00000000000000000000000000000000, sa_flags=none
SIGUSR2: [libjvm.so+0x8a90c0], sa_mask[0]=00100000000000000000000000000000, sa_flags=SA_RESTART|SA_SIGINFO
SIGHUP: [libjvm.so+0x8a9590], sa_mask[0]=11111111011111111101111111111110, sa_flags=SA_RESTART|SA_SIGINFO
SIGINT: [libjvm.so+0x8a9590], sa_mask[0]=11111111011111111101111111111110, sa_flags=SA_RESTART|SA_SIGINFO
SIGTERM: [libjvm.so+0x8a9590], sa_mask[0]=11111111011111111101111111111110, sa_flags=SA_RESTART|SA_SIGINFO
SIGQUIT: [libjvm.so+0x8a9590], sa_mask[0]=11111111011111111101111111111110, sa_flags=SA_RESTART|SA_SIGINFO


---------------  S Y S T E M  ---------------

OS:DISTRIB_ID=Ubuntu
DISTRIB_RELEASE=15.10
DISTRIB_CODENAME=wily
DISTRIB_DESCRIPTION="Ubuntu 15.10"

uname:Linux 4.2.0-35-generic #40-Ubuntu SMP Tue Mar 15 22:15:45 UTC 2016 x86_64
libc:glibc 2.21 NPTL 2.21 
rlimit: STACK 8192k, CORE 0k, NPROC 14837, NOFILE 65536, AS infinity
load average:15.85 6.16 3.06

/proc/meminfo:
MemTotal:        3835144 kB
MemFree:           28396 kB
MemAvailable:     106092 kB
Buffers:            2260 kB
Cached:           307044 kB
SwapCached:            0 kB
Active:          3371060 kB
Inactive:         260180 kB
Active(anon):    3334576 kB
Inactive(anon):   224532 kB
Active(file):      36484 kB
Inactive(file):    35648 kB
Unevictable:         100 kB
Mlocked:             100 kB
SwapTotal:             0 kB
SwapFree:              0 kB
Dirty:               120 kB
Writeback:             0 kB
AnonPages:       3322124 kB
Mapped:           122952 kB
Shmem:            237096 kB
Slab:              74396 kB
SReclaimable:      34508 kB
SUnreclaim:        39888 kB
KernelStack:       13408 kB
PageTables:        51796 kB
NFS_Unstable:          0 kB
Bounce:                0 kB
WritebackTmp:          0 kB
CommitLimit:     1917572 kB
Committed_AS:    9594976 kB
VmallocTotal:   34359738367 kB
VmallocUsed:      545672 kB
VmallocChunk:   34358423548 kB
HardwareCorrupted:     0 kB
AnonHugePages:   1148928 kB
CmaTotal:              0 kB
CmaFree:               0 kB
HugePages_Total:       0
HugePages_Free:        0
HugePages_Rsvd:        0
HugePages_Surp:        0
Hugepagesize:       2048 kB
DirectMap4k:      163596 kB
DirectMap2M:     3817472 kB


CPU:total 4 (2 cores per cpu, 2 threads per core) family 6 model 37 stepping 5, cmov, cx8, fxsr, mmx, sse, sse2, sse3, ssse3, sse4.1, sse4.2, popcnt, aes, clmul, ht, tsc, tscinvbit

/proc/cpuinfo:
processor	: 0
vendor_id	: GenuineIntel
cpu family	: 6
model		: 37
model name	: Intel(R) Core(TM) i5 CPU       M 520  @ 2.40GHz
stepping	: 5
microcode	: 0x4
cpu MHz		: 1199.000
cache size	: 3072 KB
physical id	: 0
siblings	: 4
core id		: 0
cpu cores	: 2
apicid		: 0
initial apicid	: 0
fpu		: yes
fpu_exception	: yes
cpuid level	: 11
wp		: yes
flags		: fpu vme de pse tsc msr pae mce cx8 apic sep mtrr pge mca cmov pat pse36 clflush dts acpi mmx fxsr sse sse2 ss ht tm pbe syscall nx rdtscp lm constant_tsc arch_perfmon pebs bts rep_good nopl xtopology nonstop_tsc aperfmperf pni pclmulqdq dtes64 monitor ds_cpl vmx smx est tm2 ssse3 cx16 xtpr pdcm pcid sse4_1 sse4_2 popcnt aes lahf_lm ida arat dtherm tpr_shadow vnmi flexpriority ept vpid
bugs		:
bogomips	: 4789.06
clflush size	: 64
cache_alignment	: 64
address sizes	: 36 bits physical, 48 bits virtual
power management:

processor	: 1
vendor_id	: GenuineIntel
cpu family	: 6
model		: 37
model name	: Intel(R) Core(TM) i5 CPU       M 520  @ 2.40GHz
stepping	: 5
microcode	: 0x4
cpu MHz		: 2400.000
cache size	: 3072 KB
physical id	: 0
siblings	: 4
core id		: 0
cpu cores	: 2
apicid		: 1
initial apicid	: 1
fpu		: yes
fpu_exception	: yes
cpuid level	: 11
wp		: yes
flags		: fpu vme de pse tsc msr pae mce cx8 apic sep mtrr pge mca cmov pat pse36 clflush dts acpi mmx fxsr sse sse2 ss ht tm pbe syscall nx rdtscp lm constant_tsc arch_perfmon pebs bts rep_good nopl xtopology nonstop_tsc aperfmperf pni pclmulqdq dtes64 monitor ds_cpl vmx smx est tm2 ssse3 cx16 xtpr pdcm pcid sse4_1 sse4_2 popcnt aes lahf_lm ida arat dtherm tpr_shadow vnmi flexpriority ept vpid
bugs		:
bogomips	: 4789.06
clflush size	: 64
cache_alignment	: 64
address sizes	: 36 bits physical, 48 bits virtual
power management:

processor	: 2
vendor_id	: GenuineIntel
cpu family	: 6
model		: 37
model name	: Intel(R) Core(TM) i5 CPU       M 520  @ 2.40GHz
stepping	: 5
microcode	: 0x4
cpu MHz		: 2400.000
cache size	: 3072 KB
physical id	: 0
siblings	: 4
core id		: 2
cpu cores	: 2
apicid		: 4
initial apicid	: 4
fpu		: yes
fpu_exception	: yes
cpuid level	: 11
wp		: yes
flags		: fpu vme de pse tsc msr pae mce cx8 apic sep mtrr pge mca cmov pat pse36 clflush dts acpi mmx fxsr sse sse2 ss ht tm pbe syscall nx rdtscp lm constant_tsc arch_perfmon pebs bts rep_good nopl xtopology nonstop_tsc aperfmperf pni pclmulqdq dtes64 monitor ds_cpl vmx smx est tm2 ssse3 cx16 xtpr pdcm pcid sse4_1 sse4_2 popcnt aes lahf_lm ida arat dtherm tpr_shadow vnmi flexpriority ept vpid
bugs		:
bogomips	: 4789.06
clflush size	: 64
cache_alignment	: 64
address sizes	: 36 bits physical, 48 bits virtual
power management:

processor	: 3
vendor_id	: GenuineIntel
cpu family	: 6
model		: 37
model name	: Intel(R) Core(TM) i5 CPU       M 520  @ 2.40GHz
stepping	: 5
microcode	: 0x4
cpu MHz		: 2400.000
cache size	: 3072 KB
physical id	: 0
siblings	: 4
core id		: 2
cpu cores	: 2
apicid		: 5
initial apicid	: 5
fpu		: yes
fpu_exception	: yes
cpuid level	: 11
wp		: yes
flags		: fpu vme de pse tsc msr pae mce cx8 apic sep mtrr pge mca cmov pat pse36 clflush dts acpi mmx fxsr sse sse2 ss ht tm pbe syscall nx rdtscp lm constant_tsc arch_perfmon pebs bts rep_good nopl xtopology nonstop_tsc aperfmperf pni pclmulqdq dtes64 monitor ds_cpl vmx smx est tm2 ssse3 cx16 xtpr pdcm pcid sse4_1 sse4_2 popcnt aes lahf_lm ida arat dtherm tpr_shadow vnmi flexpriority ept vpid
bugs		:
bogomips	: 4789.06
clflush size	: 64
cache_alignment	: 64
address sizes	: 36 bits physical, 48 bits virtual
power management:



Memory: 4k page, physical 3835144k(28396k free), swap 0k(0k free)

vm_info: OpenJDK 64-Bit Server VM (25.66-b17) for linux-amd64 JRE (1.8.0_66-internal-b17), built on Oct 21 2015 22:08:46 by "buildd" with gcc 5.2.1 20151010

time: Sun Apr 17 19:40:32 2016
elapsed time: 34 seconds (0d 0h 0m 34s)

